<?xml version="1.0" encoding="UTF-8"?>
<testng-results ignored="2" total="6" passed="4" failed="0" skipped="0">
  <reporter-output>
  </reporter-output>
  <suite started-at="2022-04-26T11:31:27 GST" name="Suite" finished-at="2022-04-26T11:32:15 GST" duration-ms="48264">
    <groups>
    </groups>
    <test started-at="2022-04-26T11:31:27 GST" name="Test" finished-at="2022-04-26T11:32:15 GST" duration-ms="48264">
      <class name="com.tcs.scripts.TCAdmin">
        <test-method is-config="true" signature="onSetup(java.lang.String)[pri:0, instance:com.tcs.scripts.TCAdmin@353352b6]" started-at="2022-04-26T11:31:27 GST" name="onSetup" finished-at="2022-04-26T11:31:34 GST" duration-ms="7572" status="PASS">
          <params>
            <param index="0">
              <value>
                <![CDATA[chrome]]>
              </value>
            </param>
          </params>
          <reporter-output>
          </reporter-output>
        </test-method> <!-- onSetup -->
        <test-method signature="verifyAdminLink()[pri:1, instance:com.tcs.scripts.TCAdmin@353352b6]" started-at="2022-04-26T11:31:34 GST" name="verifyAdminLink" finished-at="2022-04-26T11:31:43 GST" duration-ms="8460" status="PASS">
          <reporter-output>
          </reporter-output>
        </test-method> <!-- verifyAdminLink -->
        <test-method is-config="true" signature="tearDown(org.testng.ITestResult)[pri:0, instance:com.tcs.scripts.TCAdmin@353352b6]" started-at="2022-04-26T11:31:43 GST" name="tearDown" finished-at="2022-04-26T11:31:43 GST" duration-ms="1" status="PASS">
          <params>
            <param index="0">
              <value>
                <![CDATA[[TestResult name=verifyAdminLink status=SUCCESS method=TCAdmin.verifyAdminLink()[pri:1, instance:com.tcs.scripts.TCAdmin@353352b6] output={null}]]]>
              </value>
            </param>
          </params>
          <reporter-output>
          </reporter-output>
        </test-method> <!-- tearDown -->
        <test-method signature="verifyADValidLogin()[pri:8, instance:com.tcs.scripts.TCAdmin@353352b6]" started-at="2022-04-26T11:31:43 GST" name="verifyADValidLogin" finished-at="2022-04-26T11:31:53 GST" duration-ms="10038" status="PASS">
          <reporter-output>
          </reporter-output>
        </test-method> <!-- verifyADValidLogin -->
        <test-method is-config="true" signature="tearDown(org.testng.ITestResult)[pri:0, instance:com.tcs.scripts.TCAdmin@353352b6]" started-at="2022-04-26T11:31:53 GST" name="tearDown" finished-at="2022-04-26T11:31:53 GST" duration-ms="1" status="PASS">
          <params>
            <param index="0">
              <value>
                <![CDATA[[TestResult name=verifyADValidLogin status=SUCCESS method=TCAdmin.verifyADValidLogin()[pri:8, instance:com.tcs.scripts.TCAdmin@353352b6] output={null}]]]>
              </value>
            </param>
          </params>
          <reporter-output>
          </reporter-output>
        </test-method> <!-- tearDown -->
        <test-method signature="verifyADBookings()[pri:10, instance:com.tcs.scripts.TCAdmin@353352b6]" started-at="2022-04-26T11:31:53 GST" name="verifyADBookings" finished-at="2022-04-26T11:32:00 GST" duration-ms="7518" status="PASS">
          <reporter-output>
          </reporter-output>
        </test-method> <!-- verifyADBookings -->
        <test-method is-config="true" signature="tearDown(org.testng.ITestResult)[pri:0, instance:com.tcs.scripts.TCAdmin@353352b6]" started-at="2022-04-26T11:32:00 GST" name="tearDown" finished-at="2022-04-26T11:32:00 GST" duration-ms="0" status="PASS">
          <params>
            <param index="0">
              <value>
                <![CDATA[[TestResult name=verifyADBookings status=SUCCESS method=TCAdmin.verifyADBookings()[pri:10, instance:com.tcs.scripts.TCAdmin@353352b6] output={null}]]]>
              </value>
            </param>
          </params>
          <reporter-output>
          </reporter-output>
        </test-method> <!-- tearDown -->
        <test-method signature="verifyADPendToConf()[pri:13, instance:com.tcs.scripts.TCAdmin@353352b6]" started-at="2022-04-26T11:32:00 GST" name="verifyADPendToConf" finished-at="2022-04-26T11:32:14 GST" duration-ms="13270" status="PASS">
          <reporter-output>
          </reporter-output>
        </test-method> <!-- verifyADPendToConf -->
        <test-method is-config="true" signature="tearDown(org.testng.ITestResult)[pri:0, instance:com.tcs.scripts.TCAdmin@353352b6]" started-at="2022-04-26T11:32:14 GST" name="tearDown" finished-at="2022-04-26T11:32:14 GST" duration-ms="1" status="PASS">
          <params>
            <param index="0">
              <value>
                <![CDATA[[TestResult name=verifyADPendToConf status=SUCCESS method=TCAdmin.verifyADPendToConf()[pri:13, instance:com.tcs.scripts.TCAdmin@353352b6] output={null}]]]>
              </value>
            </param>
          </params>
          <reporter-output>
          </reporter-output>
        </test-method> <!-- tearDown -->
        <test-method is-config="true" signature="closeBrowser()[pri:0, instance:com.tcs.scripts.TCAdmin@353352b6]" started-at="2022-04-26T11:32:14 GST" name="closeBrowser" finished-at="2022-04-26T11:32:15 GST" duration-ms="1135" status="PASS">
          <reporter-output>
          </reporter-output>
        </test-method> <!-- closeBrowser -->
        <test-method is-config="true" signature="quitBrowser()[pri:0, instance:com.tcs.scripts.TCAdmin@353352b6]" started-at="2022-04-26T11:32:15 GST" name="quitBrowser" finished-at="2022-04-26T11:32:15 GST" duration-ms="208" status="PASS">
          <reporter-output>
          </reporter-output>
        </test-method> <!-- quitBrowser -->
      </class> <!-- com.tcs.scripts.TCAdmin -->
    </test> <!-- Test -->
  </suite> <!-- Suite -->
</testng-results>
