<?xml version="1.0" encoding="UTF-8"?>
<!-- Generated by org.testng.reporters.JUnitXMLReporter -->
<testsuite ignored="2" hostname="LAPTOP-178S0KEF" failures="1" tests="10" name="Test" time="59.689" errors="0" timestamp="2022-04-26T16:26:20 GST">
  <testcase classname="com.tcs.scripts.TestBase" name="@AfterMethod tearDown" time="0.085">
    <failure type="org.openqa.selenium.NoSuchWindowException" message="no such window: target window already closed
from unknown error: web view not found
  (Session info: chrome=96.0.4664.45)
Build info: version: &amp;apos;3.141.59&amp;apos;, revision: &amp;apos;e82be7d358&amp;apos;, time: &amp;apos;2018-11-14T08:17:03&amp;apos;
System info: host: &amp;apos;LAPTOP-178S0KEF&amp;apos;, ip: &amp;apos;192.168.0.123&amp;apos;, os.name: &amp;apos;Windows 10&amp;apos;, os.arch: &amp;apos;amd64&amp;apos;, os.version: &amp;apos;10.0&amp;apos;, java.version: &amp;apos;17.0.2&amp;apos;
Driver info: org.openqa.selenium.chrome.ChromeDriver
Capabilities {acceptInsecureCerts: false, browserName: chrome, browserVersion: 96.0.4664.45, chrome: {chromedriverVersion: 96.0.4664.45 (76e4c1bb2ab46..., userDataDir: C:\Users\SADIQUE\AppData\Lo...}, goog:chromeOptions: {debuggerAddress: localhost:49354}, javascriptEnabled: true, networkConnectionEnabled: false, pageLoadStrategy: normal, platform: WINDOWS, platformName: WINDOWS, proxy: Proxy(), setWindowRect: true, strictFileInteractability: false, timeouts: {implicit: 0, pageLoad: 300000, script: 30000}, unhandledPromptBehavior: dismiss and notify, webauthn:extension:credBlob: true, webauthn:extension:largeBlob: true, webauthn:virtualAuthenticators: true}
Session ID: dd138b9034c974dd3c3e491c4ff6671e">
      <![CDATA[org.openqa.selenium.NoSuchWindowException: no such window: target window already closed
from unknown error: web view not found
  (Session info: chrome=96.0.4664.45)
Build info: version: '3.141.59', revision: 'e82be7d358', time: '2018-11-14T08:17:03'
System info: host: 'LAPTOP-178S0KEF', ip: '192.168.0.123', os.name: 'Windows 10', os.arch: 'amd64', os.version: '10.0', java.version: '17.0.2'
Driver info: org.openqa.selenium.chrome.ChromeDriver
Capabilities {acceptInsecureCerts: false, browserName: chrome, browserVersion: 96.0.4664.45, chrome: {chromedriverVersion: 96.0.4664.45 (76e4c1bb2ab46..., userDataDir: C:\Users\SADIQUE\AppData\Lo...}, goog:chromeOptions: {debuggerAddress: localhost:49354}, javascriptEnabled: true, networkConnectionEnabled: false, pageLoadStrategy: normal, platform: WINDOWS, platformName: WINDOWS, proxy: Proxy(), setWindowRect: true, strictFileInteractability: false, timeouts: {implicit: 0, pageLoad: 300000, script: 30000}, unhandledPromptBehavior: dismiss and notify, webauthn:extension:credBlob: true, webauthn:extension:largeBlob: true, webauthn:virtualAuthenticators: true}
Session ID: dd138b9034c974dd3c3e491c4ff6671e
at org.openqa.selenium.remote.http.W3CHttpResponseCodec.createException(W3CHttpResponseCodec.java:187)
at org.openqa.selenium.remote.http.W3CHttpResponseCodec.decode(W3CHttpResponseCodec.java:122)
at org.openqa.selenium.remote.http.W3CHttpResponseCodec.decode(W3CHttpResponseCodec.java:49)
at org.openqa.selenium.remote.HttpCommandExecutor.execute(HttpCommandExecutor.java:158)
at org.openqa.selenium.remote.service.DriverCommandExecutor.execute(DriverCommandExecutor.java:83)
at org.openqa.selenium.remote.RemoteWebDriver.execute(RemoteWebDriver.java:552)
at org.openqa.selenium.remote.RemoteWebDriver.execute(RemoteWebDriver.java:609)
at org.openqa.selenium.remote.RemoteWebDriver.getScreenshotAs(RemoteWebDriver.java:295)
at com.tcs.scripts.TestBase.takeScreenshot(TestBase.java:85)
at com.tcs.scripts.TestBase.tearDown(TestBase.java:78)
at java.base/java.util.ArrayList.forEach(ArrayList.java:1511)
... Removed 37 stack frames]]>
    </failure>
  </testcase> <!-- @AfterMethod tearDown -->
  <testcase classname="com.tcs.scripts.TestBase" name="@AfterMethod tearDown" time="-1.650975979661E9">
    <skipped/>
  </testcase> <!-- @AfterMethod tearDown -->
  <testcase classname="com.tcs.scripts.TestBase" name="@AfterMethod tearDown" time="-1.650975979679E9">
    <skipped/>
  </testcase> <!-- @AfterMethod tearDown -->
  <testcase classname="com.tcs.scripts.TestBase" name="@AfterMethod tearDown" time="-1.650975979693E9">
    <skipped/>
  </testcase> <!-- @AfterMethod tearDown -->
  <testcase classname="com.tcs.scripts.TestBase" name="@AfterMethod tearDown" time="-1.650975979717E9">
    <skipped/>
  </testcase> <!-- @AfterMethod tearDown -->
  <testcase classname="com.tcs.scripts.TestBase" name="@AfterMethod tearDown" time="-1.650975979786E9">
    <skipped/>
  </testcase> <!-- @AfterMethod tearDown -->
  <testcase classname="com.tcs.scripts.TestBase" name="@AfterMethod tearDown" time="-1.650975979819E9">
    <skipped/>
  </testcase> <!-- @AfterMethod tearDown -->
  <testcase classname="com.tcs.scripts.TestBase" name="@AfterMethod tearDown" time="-1.650975979836E9">
    <skipped/>
  </testcase> <!-- @AfterMethod tearDown -->
  <testcase classname="com.tcs.scripts.TestBase" name="@AfterMethod tearDown" time="-1.650975979848E9">
    <skipped/>
  </testcase> <!-- @AfterMethod tearDown -->
  <testcase classname="com.tcs.scripts.TestBase" name="@AfterMethod tearDown" time="-1.650975979854E9">
    <skipped/>
  </testcase> <!-- @AfterMethod tearDown -->
  <testcase classname="com.tcs.scripts.TestBase" name="@AfterClass closeBrowser" time="-1.650975979866E9">
    <skipped/>
  </testcase> <!-- @AfterClass closeBrowser -->
  <testcase classname="com.tcs.scripts.TCAdmin" name="verifyAdminLink" time="52.741">
    <failure type="org.openqa.selenium.WebDriverException" message="Remote browser did not respond to getCurrentUrl
Build info: version: &amp;apos;3.141.59&amp;apos;, revision: &amp;apos;e82be7d358&amp;apos;, time: &amp;apos;2018-11-14T08:17:03&amp;apos;
System info: host: &amp;apos;LAPTOP-178S0KEF&amp;apos;, ip: &amp;apos;192.168.0.123&amp;apos;, os.name: &amp;apos;Windows 10&amp;apos;, os.arch: &amp;apos;amd64&amp;apos;, os.version: &amp;apos;10.0&amp;apos;, java.version: &amp;apos;17.0.2&amp;apos;
Driver info: driver.version: RemoteWebDriver">
      <![CDATA[org.openqa.selenium.WebDriverException: Remote browser did not respond to getCurrentUrl
Build info: version: '3.141.59', revision: 'e82be7d358', time: '2018-11-14T08:17:03'
System info: host: 'LAPTOP-178S0KEF', ip: '192.168.0.123', os.name: 'Windows 10', os.arch: 'amd64', os.version: '10.0', java.version: '17.0.2'
Driver info: driver.version: RemoteWebDriver
at org.openqa.selenium.remote.RemoteWebDriver.getCurrentUrl(RemoteWebDriver.java:289)
at com.tcs.scripts.TCAdmin.verifyAdminLink(TCAdmin.java:39)
at java.base/java.util.ArrayList.forEach(ArrayList.java:1511)
... Removed 27 stack frames]]>
    </failure>
  </testcase> <!-- verifyAdminLink -->
  <testcase classname="com.tcs.scripts.TCAdmin" name="verifyAgentInvalidLogin1" time="0.0">
    <skipped/>
  </testcase> <!-- verifyAgentInvalidLogin1 -->
  <testcase classname="com.tcs.scripts.TCAdmin" name="verifyADInvalidLogin2" time="0.0">
    <skipped/>
  </testcase> <!-- verifyADInvalidLogin2 -->
  <testcase classname="com.tcs.scripts.TCAdmin" name="verifyADInvalidLogin3" time="0.0">
    <skipped/>
  </testcase> <!-- verifyADInvalidLogin3 -->
  <testcase classname="com.tcs.scripts.TCAdmin" name="verifyAdInvalidLogin4" time="0.0">
    <skipped/>
  </testcase> <!-- verifyAdInvalidLogin4 -->
  <testcase classname="com.tcs.scripts.TCAdmin" name="verifyInvalidLogin5" time="0.0">
    <skipped/>
  </testcase> <!-- verifyInvalidLogin5 -->
  <testcase classname="com.tcs.scripts.TCAdmin" name="verifyInvalidLogin6" time="0.0">
    <skipped/>
  </testcase> <!-- verifyInvalidLogin6 -->
  <testcase classname="com.tcs.scripts.TCAdmin" name="verifyADValidLogin" time="0.0">
    <skipped/>
  </testcase> <!-- verifyADValidLogin -->
  <testcase classname="com.tcs.scripts.TCAdmin" name="verifyADBookings" time="0.0">
    <skipped/>
  </testcase> <!-- verifyADBookings -->
  <testcase classname="com.tcs.scripts.TCAdmin" name="verifyADPendToConf" time="0.0">
    <skipped/>
  </testcase> <!-- verifyADPendToConf -->
  <testcase classname="com.tcs.scripts.TestBase" name="@AfterTest quitBrowser" time="0.0">
    <ignored/>
  </testcase> <!-- @AfterTest quitBrowser -->
  <testcase classname="com.tcs.scripts.TestBase" name="@BeforeTest onSetup" time="0.0">
    <ignored/>
  </testcase> <!-- @BeforeTest onSetup -->
</testsuite> <!-- Test -->
