<?xml version="1.0" encoding="UTF-8"?>
<!-- Generated by org.testng.reporters.JUnitXMLReporter -->
<testsuite ignored="2" hostname="LAPTOP-178S0KEF" failures="0" tests="4" name="Test" time="48.264" errors="0" timestamp="2022-04-26T11:32:15 GST">
  <testcase classname="com.tcs.scripts.TCAdmin" name="verifyAdminLink" time="8.46"/>
  <testcase classname="com.tcs.scripts.TCAdmin" name="verifyADValidLogin" time="10.038"/>
  <testcase classname="com.tcs.scripts.TCAdmin" name="verifyADBookings" time="7.518"/>
  <testcase classname="com.tcs.scripts.TCAdmin" name="verifyADPendToConf" time="13.27"/>
  <testcase classname="com.tcs.scripts.TestBase" name="@AfterTest quitBrowser" time="0.0">
    <ignored/>
  </testcase> <!-- @AfterTest quitBrowser -->
  <testcase classname="com.tcs.scripts.TestBase" name="@BeforeTest onSetup" time="0.0">
    <ignored/>
  </testcase> <!-- @BeforeTest onSetup -->
</testsuite> <!-- Test -->
